<?xml version="1.0" encoding="UTF-8"?>
<!-- Generated by org.testng.reporters.JUnitReportReporter -->
<testsuite skipped="0" hostname="b27cfcbcd5d2" name="com.searchmodule.tests.SearchTest" tests="4" failures="0" timestamp="03 Nov 2021 12:09:16 GMT" time="34.394" errors="0">
  <testcase name="search" time="10.355" classname="com.searchmodule.tests.SearchTest"/>
  <testcase name="search" time="10.901" classname="com.searchmodule.tests.SearchTest"/>
  <testcase name="search" time="9.379" classname="com.searchmodule.tests.SearchTest"/>
  <testcase name="search" time="3.759" classname="com.searchmodule.tests.SearchTest"/>
</testsuite> <!-- com.searchmodule.tests.SearchTest -->
