<?xml version="1.0" encoding="UTF-8"?>
<!-- Generated by org.testng.reporters.JUnitReportReporter -->
<testsuite skipped="0" hostname="86f54e97e43e" name="com.searchmodule.tests.SearchTest" tests="4" failures="0" timestamp="03 Nov 2021 12:09:27 GMT" time="38.292" errors="0">
  <testcase name="search" time="10.515" classname="com.searchmodule.tests.SearchTest"/>
  <testcase name="search" time="9.717" classname="com.searchmodule.tests.SearchTest"/>
  <testcase name="search" time="8.878" classname="com.searchmodule.tests.SearchTest"/>
  <testcase name="search" time="9.182" classname="com.searchmodule.tests.SearchTest"/>
</testsuite> <!-- com.searchmodule.tests.SearchTest -->
